<?xml version="1.0" encoding="UTF-8"?>
<testng-results skipped="0" failed="0" ignored="0" total="6" passed="6">
  <reporter-output>
  </reporter-output>
  <suite name="Suite" duration-ms="43" started-at="2021-06-10T15:02:08 GST" finished-at="2021-06-10T15:02:08 GST">
    <groups>
    </groups>
    <test name="Test" duration-ms="43" started-at="2021-06-10T15:02:08 GST" finished-at="2021-06-10T15:02:08 GST">
      <class name="qaclickacademy.AppiumTest">
        <test-method status="PASS" signature="IOSApps()[pri:0, instance:qaclickacademy.AppiumTest@32709393]" name="IOSApps" duration-ms="3" started-at="2021-06-10T15:02:08 GST" finished-at="2021-06-10T15:02:08 GST">
          <reporter-output>
          </reporter-output>
        </test-method> <!-- IOSApps -->
        <test-method status="PASS" signature="nativeAppAndroid()[pri:0, instance:qaclickacademy.AppiumTest@32709393]" name="nativeAppAndroid" duration-ms="1" started-at="2021-06-10T15:02:08 GST" finished-at="2021-06-10T15:02:08 GST">
          <reporter-output>
          </reporter-output>
        </test-method> <!-- nativeAppAndroid -->
      </class> <!-- qaclickacademy.AppiumTest -->
      <class name="qaclickacademy.RESTAPITest">
        <test-method status="PASS" signature="deleteTwitter()[pri:0, instance:qaclickacademy.RESTAPITest@72b6cbcc]" name="deleteTwitter" duration-ms="0" started-at="2021-06-10T15:02:08 GST" finished-at="2021-06-10T15:02:08 GST">
          <reporter-output>
          </reporter-output>
        </test-method> <!-- deleteTwitter -->
        <test-method status="PASS" signature="postJira()[pri:0, instance:qaclickacademy.RESTAPITest@72b6cbcc]" name="postJira" duration-ms="1" started-at="2021-06-10T15:02:08 GST" finished-at="2021-06-10T15:02:08 GST">
          <reporter-output>
          </reporter-output>
        </test-method> <!-- postJira -->
      </class> <!-- qaclickacademy.RESTAPITest -->
      <class name="qaclickacademy.SeleniumTest">
        <test-method status="PASS" signature="browseAutomation()[pri:0, instance:qaclickacademy.SeleniumTest@6737fd8f]" name="browseAutomation" duration-ms="0" started-at="2021-06-10T15:02:08 GST" finished-at="2021-06-10T15:02:08 GST">
          <reporter-output>
          </reporter-output>
        </test-method> <!-- browseAutomation -->
        <test-method status="PASS" signature="elementsUI()[pri:0, instance:qaclickacademy.SeleniumTest@6737fd8f]" name="elementsUI" duration-ms="0" started-at="2021-06-10T15:02:08 GST" finished-at="2021-06-10T15:02:08 GST">
          <reporter-output>
          </reporter-output>
        </test-method> <!-- elementsUI -->
      </class> <!-- qaclickacademy.SeleniumTest -->
    </test> <!-- Test -->
  </suite> <!-- Suite -->
</testng-results>
